<?xml version="1.0" encoding="UTF-8"?>
<testng-results ignored="0" total="1" passed="0" failed="1" skipped="0">
  <reporter-output>
    <line>
      <![CDATA[Setting up reports and Test is getting ready ]]>
    </line>
    <line>
      <![CDATA[Setting done-Test can be started ]]>
    </line>
    <line>
      <![CDATA[Trying to start browser and getting application ready ]]>
    </line>
    <line>
      <![CDATA[Browser and Application is up and running ]]>
    </line>
    <line>
      <![CDATA[Test is about to end]]>
    </line>
    <line>
      <![CDATA[Test completed >>> Reports Generated]]>
    </line>
  </reporter-output>
  <suite started-at="2023-09-12T14:58:31 EDT" name="FrameWorkTest" finished-at="2023-09-12T14:58:47 EDT" duration-ms="16186">
    <groups>
    </groups>
    <test started-at="2023-09-12T14:58:31 EDT" name="frame" finished-at="2023-09-12T14:58:47 EDT" duration-ms="16186">
      <class name="testcases.LogintestCRM">
        <test-method is-config="true" signature="setUpSuite()[pri:0, instance:testcases.LogintestCRM@1a75e76a]" started-at="2023-09-12T14:58:29 EDT" name="setUpSuite" finished-at="2023-09-12T14:58:31 EDT" duration-ms="1735" status="PASS">
          <reporter-output>
            <line>
              <![CDATA[Setting up reports and Test is getting ready ]]>
            </line>
            <line>
              <![CDATA[Setting done-Test can be started ]]>
            </line>
          </reporter-output>
        </test-method> <!-- setUpSuite -->
        <test-method is-config="true" signature="setup()[pri:0, instance:testcases.LogintestCRM@1a75e76a]" started-at="2023-09-12T14:58:31 EDT" name="setup" finished-at="2023-09-12T14:58:40 EDT" duration-ms="9091" status="PASS">
          <reporter-output>
            <line>
              <![CDATA[Trying to start browser and getting application ready ]]>
            </line>
            <line>
              <![CDATA[Browser and Application is up and running ]]>
            </line>
          </reporter-output>
        </test-method> <!-- setup -->
        <test-method signature="Loginapp()[pri:0, instance:testcases.LogintestCRM@1a75e76a]" started-at="2023-09-12T14:58:40 EDT" name="Loginapp" finished-at="2023-09-12T14:58:40 EDT" duration-ms="88" status="FAIL">
          <exception class="java.lang.NullPointerException">
            <message>
              <![CDATA[Cannot invoke "org.apache.poi.xssf.usermodel.XSSFSheet.getRow(int)" because the return value of "org.apache.poi.xssf.usermodel.XSSFWorkbook.getSheet(String)" is null]]>
            </message>
            <full-stacktrace>
              <![CDATA[java.lang.NullPointerException: Cannot invoke "org.apache.poi.xssf.usermodel.XSSFSheet.getRow(int)" because the return value of "org.apache.poi.xssf.usermodel.XSSFWorkbook.getSheet(String)" is null
at utilitypackage.ExcelDataProvider.getStringData(ExcelDataProvider.java:32)
at testcases.LogintestCRM.Loginapp(LogintestCRM.java:21)
at java.base/jdk.internal.reflect.NativeMethodAccessorImpl.invoke0(Native Method)
at java.base/jdk.internal.reflect.NativeMethodAccessorImpl.invoke(NativeMethodAccessorImpl.java:77)
at java.base/jdk.internal.reflect.DelegatingMethodAccessorImpl.invoke(DelegatingMethodAccessorImpl.java:43)
at java.base/java.lang.reflect.Method.invoke(Method.java:568)
at org.testng.internal.invokers.MethodInvocationHelper.invokeMethod(MethodInvocationHelper.java:139)
at org.testng.internal.invokers.TestInvoker.invokeMethod(TestInvoker.java:664)
at org.testng.internal.invokers.TestInvoker.invokeTestMethod(TestInvoker.java:227)
at org.testng.internal.invokers.MethodRunner.runInSequence(MethodRunner.java:50)
at org.testng.internal.invokers.TestInvoker$MethodInvocationAgent.invoke(TestInvoker.java:957)
at org.testng.internal.invokers.TestInvoker.invokeTestMethods(TestInvoker.java:200)
at org.testng.internal.invokers.TestMethodWorker.invokeTestMethods(TestMethodWorker.java:148)
at org.testng.internal.invokers.TestMethodWorker.run(TestMethodWorker.java:128)
at java.base/java.util.ArrayList.forEach(ArrayList.java:1511)
at org.testng.TestRunner.privateRun(TestRunner.java:848)
at org.testng.TestRunner.run(TestRunner.java:621)
at org.testng.SuiteRunner.runTest(SuiteRunner.java:443)
at org.testng.SuiteRunner.runSequentially(SuiteRunner.java:437)
at org.testng.SuiteRunner.privateRun(SuiteRunner.java:397)
at org.testng.SuiteRunner.run(SuiteRunner.java:336)
at org.testng.SuiteRunnerWorker.runSuite(SuiteRunnerWorker.java:52)
at org.testng.SuiteRunnerWorker.run(SuiteRunnerWorker.java:95)
at org.testng.TestNG.runSuitesSequentially(TestNG.java:1280)
at org.testng.TestNG.runSuitesLocally(TestNG.java:1200)
at org.testng.TestNG.runSuites(TestNG.java:1114)
at org.testng.TestNG.run(TestNG.java:1082)
at org.testng.remote.AbstractRemoteTestNG.run(AbstractRemoteTestNG.java:115)
at org.testng.remote.RemoteTestNG.initAndRun(RemoteTestNG.java:251)
at org.testng.remote.RemoteTestNG.main(RemoteTestNG.java:77)
]]>
            </full-stacktrace>
          </exception> <!-- java.lang.NullPointerException -->
          <reporter-output>
          </reporter-output>
        </test-method> <!-- Loginapp -->
        <test-method is-config="true" signature="tearDownMethod(org.testng.ITestResult)[pri:0, instance:testcases.LogintestCRM@1a75e76a]" started-at="2023-09-12T14:58:40 EDT" name="tearDownMethod" finished-at="2023-09-12T14:58:41 EDT" duration-ms="799" status="PASS">
          <params>
            <param index="0">
              <value>
                <![CDATA[[TestResult name=Loginapp status=FAILURE method=LogintestCRM.Loginapp()[pri:0, instance:testcases.LogintestCRM@1a75e76a] output={null}]]]>
              </value>
            </param>
          </params>
          <reporter-output>
            <line>
              <![CDATA[Test is about to end]]>
            </line>
            <line>
              <![CDATA[Test completed >>> Reports Generated]]>
            </line>
          </reporter-output>
        </test-method> <!-- tearDownMethod -->
        <test-method is-config="true" signature="teardown()[pri:0, instance:testcases.LogintestCRM@1a75e76a]" started-at="2023-09-12T14:58:41 EDT" name="teardown" finished-at="2023-09-12T14:58:47 EDT" duration-ms="6137" status="PASS">
          <reporter-output>
          </reporter-output>
        </test-method> <!-- teardown -->
      </class> <!-- testcases.LogintestCRM -->
    </test> <!-- frame -->
  </suite> <!-- FrameWorkTest -->
</testng-results>
